<?xml version="1.0" encoding="UTF-8"?>
<testsuite xmlns:xsi="http://www.w3.org/2001/XMLSchema-instance" xsi:noNamespaceSchemaLocation="https://maven.apache.org/surefire/maven-surefire-plugin/xsd/surefire-test-report.xsd" name="com.chen.service.BookServiceTest" time="0.095" tests="6" errors="0" skipped="0" failures="0">
  <properties>
[...]
</properties>
  <testcase name="testPage" classname="com.chen.service.BookServiceTest" time="0.016"/>
  <testcase name="testGetById" classname="com.chen.service.BookServiceTest" time="0.009"/>
  <testcase name="add" classname="com.chen.service.BookServiceTest" time="0.014"/>
  <testcase name="testDelete" classname="com.chen.service.BookServiceTest" time="0.009"/>
  <testcase name="testGetAll" classname="com.chen.service.BookServiceTest" time="0.016"/>
  <testcase name="testUpdate" classname="com.chen.service.BookServiceTest" time="0.011"/>
</testsuite>